<?xml version="1.0" encoding="UTF-8"?>
<testsuite xmlns:xsi="http://www.w3.org/2001/XMLSchema-instance" xsi:noNamespaceSchemaLocation="https://maven.apache.org/surefire/maven-surefire-plugin/xsd/surefire-test-report.xsd" name="repository.AbstractXMLRepositoryTest" time="0.328" tests="7" errors="0" skipped="0" failures="0">
  <properties>
[...]
</properties>
  <testcase name="testSaveTema" classname="repository.AbstractXMLRepositoryTest" time="0.219"/>
  <testcase name="Test_save_student_when_id_is_empty" classname="repository.AbstractXMLRepositoryTest" time="0.005"/>
  <testcase name="Test_save_student_when_id_is_null_returns_null" classname="repository.AbstractXMLRepositoryTest" time="0.006"/>
  <testcase name="Test_save_student_when_data_is_valid_success" classname="repository.AbstractXMLRepositoryTest" time="0.007"/>
  <testcase name="Test_save_student_when_grupa_negative" classname="repository.AbstractXMLRepositoryTest" time="0.008"/>
  <testcase name="Test_save_student_when_email_is_empty" classname="repository.AbstractXMLRepositoryTest" time="0.008"/>
  <testcase name="Test_save_student_when_email_is_null" classname="repository.AbstractXMLRepositoryTest" time="0.008"/>
</testsuite>